Arguments: 
  /Users/fabiencohen/.nvm/versions/node/v15.5.1/bin/node /usr/local/Cellar/yarn/1.22.17_2/libexec/bin/yarn.js add xlsx

PATH: 
  /Users/fabiencohen/.asdf/shims:/usr/local/opt/asdf/libexec/bin:/Users/fabiencohen/.nvm/versions/node/v15.5.1/bin:/usr/local/bin:/usr/bin:/bin:/usr/sbin:/sbin:/Users/fabiencohen/.rvm/bin

Yarn version: 
  1.22.17

Node version: 
  15.5.1

Platform: 
  darwin x64

Trace: 
  SyntaxError: /Users/fabiencohen/Desktop/clockify_formater/package.json: Unexpected end of JSON input
      at JSON.parse (<anonymous>)
      at /usr/local/Cellar/yarn/1.22.17_2/libexec/lib/cli.js:1625:59
      at Generator.next (<anonymous>)
      at step (/usr/local/Cellar/yarn/1.22.17_2/libexec/lib/cli.js:310:30)
      at /usr/local/Cellar/yarn/1.22.17_2/libexec/lib/cli.js:321:13

npm manifest: 
  

yarn manifest: 
  No manifest

Lockfile: 
  No lockfile
